[debug] > Exec(;reload; set _root_.org.jetbrains.sbt.StructureKeys.sbtStructureOptions in Global := "download resolveClassifiers resolveSbtClassifiers" ;*/*:dumpStructureTo C:/Users/VICTOR~1/AppData/Local/Temp/sbt-structure1.xml; session clear-all ; set ideaPort in Global := 58608, None, None)
[debug] > Exec(reload, None, None)
[debug] > Exec(sbtStashOnFailure, None, None)
[debug] > Exec(onFailure loadFailed, None, None)
[debug] > Exec(loadp, None, None)
[info] welcome to sbt 1.4.3 (Oracle Corporation Java 1.8.0_151)
[debug]       Load.loadUnit: plugins took 34.7966ms
[debug]       Load.loadUnit: defsScala took 0.011401ms
[debug] [Loading] Scanning directory C:\Users\Victor Paul\.sbt\1.0\plugins
[debug] [Loading] Found non-root projects 
[debug] [Loading] Done in C:\Users\Victor Paul\.sbt\1.0\plugins, returning: ()
[debug] deducing auto plugins based on known facts Set(Atom(sbt.plugins.CorePlugin)) and clauses Clauses(List(Clause(Atom(sbt.plugins.JvmPlugin),Set(Atom(sbt.plugins.IvyPlugin))), Clause(Atom(sbt.ScriptedPlugin),Set(Atom(sbt.plugins.JvmPlugin))), Clause(Atom(sbt.plugins.SbtPlugin),Set(Atom(sbt.ScriptedPlugin))), Clause(Atom(sbt.plugins.SemanticdbPlugin),Set(Atom(sbt.plugins.JvmPlugin))), Clause(Atom(sbt.plugins.JUnitXmlReportPlugin),Set(Atom(sbt.plugins.JvmPlugin))), Clause(Atom(sbt.plugins.MiniDependencyTreePlugin),Set(Atom(sbt.plugins.JvmPlugin))), Clause(Atom(sbt.plugins.CorePlugin),Set(Atom(sbt.plugins.IvyPlugin))), Clause(Atom(sbt.plugins.IvyPlugin),Set(Atom(sbt.plugins.JvmPlugin))), Clause(Atom(sbt.plugins.JvmPlugin),Set(Atom(sbt.plugins.SemanticdbPlugin))), Clause(Atom(sbt.plugins.JvmPlugin),Set(Atom(sbt.plugins.JUnitXmlReportPlugin))), Clause(Atom(sbt.plugins.CorePlugin),Set(Atom(sbt.plugins.Giter8TemplatePlugin))), Clause(Atom(sbt.plugins.JvmPlugin),Set(Atom(sbt.plugins.MiniDependencyTreePlugin)))))
[debug]   :: deduced result: Matched(sbt.plugins.CorePlugin,sbt.plugins.Giter8TemplatePlugin,sbt.plugins.IvyPlugin,sbt.plugins.JvmPlugin,sbt.plugins.MiniDependencyTreePlugin,sbt.plugins.JUnitXmlReportPlugin,sbt.plugins.SemanticdbPlugin)
[debug] Plugins.deducer#function took 1.587999 ms
[debug]           Load.resolveProject(global-plugins) took 1.488ms
[debug]         Load.loadTransitive: finalizeProject(Project(id global-plugins, base: C:\Users\Victor Paul\.sbt\1.0\plugins, plugins: List(<none>))) took 3.4578ms
[debug] [Loading] Done in C:\Users\Victor Paul\.sbt\1.0\plugins, returning: (global-plugins)
[debug]       Load.loadUnit: loadedProjectsRaw took 4.6747ms
[debug]       Load.loadUnit: cleanEvalClasses took 0.0129ms
[debug]     Load.loadUnit(file:/C:/Users/Victor%20Paul/.sbt/1.0/plugins/, ...) took 42.3308ms
[debug]   Load.apply: load took 43.733701ms
[debug]   Load.apply: resolveProjects took 0.113999ms
[debug]   Load.apply: finalTransforms took 8.0225ms
[debug]   Load.apply: config.delegates took 0.307299ms
[debug]   Load.apply: Def.make(settings)... took 64.5553ms
[debug]   Load.apply: structureIndex took 15.1118ms
[debug]   Load.apply: mkStreams took 0.002999ms
[info] loading global plugins from C:\Users\Victor Paul\.sbt\1.0\plugins
[debug] Running task... Cancel: Signal, check cycles: false, forcegc: true
[debug] Load.defaultLoad until apply took 381.638499ms
[debug]           Load.loadUnit: plugins took 21.3443ms
[debug]           Load.loadUnit: defsScala took 0.001899ms
[debug] [Loading] Scanning directory C:\Users\Victor Paul\Desktop\RMtweets\project
[debug]             Load.loadUnit: mkEval took 0.240199ms
[debug] [Loading] Found non-root projects 
[debug] [Loading] Done in C:\Users\Victor Paul\Desktop\RMtweets\project, returning: ()
[debug] deducing auto plugins based on known facts Set(Atom(sbt.plugins.CorePlugin)) and clauses Clauses(List(Clause(Atom(sbt.plugins.JvmPlugin),Set(Atom(sbt.plugins.IvyPlugin))), Clause(Atom(sbt.ScriptedPlugin),Set(Atom(sbt.plugins.JvmPlugin))), Clause(Atom(sbt.plugins.SbtPlugin),Set(Atom(sbt.ScriptedPlugin))), Clause(Atom(sbt.plugins.SemanticdbPlugin),Set(Atom(sbt.plugins.JvmPlugin))), Clause(Atom(sbt.plugins.JUnitXmlReportPlugin),Set(Atom(sbt.plugins.JvmPlugin))), Clause(Atom(sbt.plugins.MiniDependencyTreePlugin),Set(Atom(sbt.plugins.JvmPlugin))), Clause(Atom(sbt.plugins.CorePlugin),Set(Atom(sbt.plugins.IvyPlugin))), Clause(Atom(sbt.plugins.IvyPlugin),Set(Atom(sbt.plugins.JvmPlugin))), Clause(Atom(sbt.plugins.JvmPlugin),Set(Atom(sbt.plugins.SemanticdbPlugin))), Clause(Atom(sbt.plugins.JvmPlugin),Set(Atom(sbt.plugins.JUnitXmlReportPlugin))), Clause(Atom(sbt.plugins.CorePlugin),Set(Atom(sbt.plugins.Giter8TemplatePlugin))), Clause(Atom(sbt.plugins.JvmPlugin),Set(Atom(sbt.plugins.MiniDependencyTreePlugin)))))
[debug]   :: deduced result: Matched(sbt.plugins.CorePlugin,sbt.plugins.Giter8TemplatePlugin,sbt.plugins.IvyPlugin,sbt.plugins.JvmPlugin,sbt.plugins.MiniDependencyTreePlugin,sbt.plugins.JUnitXmlReportPlugin,sbt.plugins.SemanticdbPlugin)
[debug] Plugins.deducer#function took 0.6719 ms
[info] loading settings for project rmtweets-build from idea.sbt ...
[debug]               Load.resolveProject(rmtweets-build) took 1.135301ms
[debug]             Load.loadTransitive: finalizeProject(Project(id rmtweets-build, base: C:\Users\Victor Paul\Desktop\RMtweets\project, plugins: List(<none>))) took 2.0268ms
[debug] [Loading] Done in C:\Users\Victor Paul\Desktop\RMtweets\project, returning: (rmtweets-build)
[debug]           Load.loadUnit: loadedProjectsRaw took 17.5484ms
[debug]           Load.loadUnit: cleanEvalClasses took 1.646999ms
[debug]         Load.loadUnit(file:/C:/Users/Victor%20Paul/Desktop/RMtweets/project/, ...) took 41.7222ms
[debug]       Load.apply: load took 42.9705ms
[debug]       Load.apply: resolveProjects took 0.082601ms
[debug]       Load.apply: finalTransforms took 4.9916ms
[debug]       Load.apply: config.delegates took 0.2179ms
[debug]       Load.apply: Def.make(settings)... took 48.7457ms
[debug]       Load.apply: structureIndex took 15.161401ms
[debug]       Load.apply: mkStreams took 0.003401ms
[info] loading project definition from C:\Users\Victor Paul\Desktop\RMtweets\project
[debug] Running task... Cancel: Signal, check cycles: false, forcegc: true
[debug]     Load.loadUnit: plugins took 409.821499ms
[debug]     Load.loadUnit: defsScala took 0.0022ms
[debug] [Loading] Scanning directory C:\Users\Victor Paul\Desktop\RMtweets
[debug]       Load.loadUnit: mkEval took 0.2548ms
[debug] [Loading] Found non-root projects 
[debug] [Loading] Done in C:\Users\Victor Paul\Desktop\RMtweets, returning: ()
[debug] deducing auto plugins based on known facts Set(Atom(sbt.plugins.CorePlugin)) and clauses Clauses(List(Clause(Atom(sbt.plugins.JvmPlugin),Set(Atom(sbt.plugins.IvyPlugin))), Clause(Atom(sbt.ScriptedPlugin),Set(Atom(sbt.plugins.JvmPlugin))), Clause(Atom(sbt.plugins.SbtPlugin),Set(Atom(sbt.ScriptedPlugin))), Clause(Atom(sbt.plugins.SemanticdbPlugin),Set(Atom(sbt.plugins.JvmPlugin))), Clause(Atom(sbt.plugins.JUnitXmlReportPlugin),Set(Atom(sbt.plugins.JvmPlugin))), Clause(Atom(sbt.plugins.MiniDependencyTreePlugin),Set(Atom(sbt.plugins.JvmPlugin))), Clause(Atom(org.jetbrains.sbt.StructurePlugin),Set(Atom(sbt.plugins.JvmPlugin))), Clause(Atom(org.jetbrains.sbt.IdeaShellPlugin),Set(Atom(sbt.plugins.JvmPlugin))), Clause(Atom(org.jetbrains.sbt.indices.SbtIntellijIndicesPlugin),Set(Atom(sbt.plugins.JvmPlugin))), Clause(Atom(sbt.plugins.CorePlugin),Set(Atom(sbt.plugins.IvyPlugin))), Clause(Atom(sbt.plugins.IvyPlugin),Set(Atom(sbt.plugins.JvmPlugin))), Clause(Atom(sbt.plugins.JvmPlugin),Set(Atom(sbt.plugins.SemanticdbPlugin))), Clause(Atom(sbt.plugins.JvmPlugin),Set(Atom(sbt.plugins.JUnitXmlReportPlugin))), Clause(Atom(sbt.plugins.CorePlugin),Set(Atom(sbt.plugins.Giter8TemplatePlugin))), Clause(Atom(sbt.plugins.JvmPlugin),Set(Atom(sbt.plugins.MiniDependencyTreePlugin))), Clause(Atom(sbt.plugins.JvmPlugin),Set(Atom(org.jetbrains.sbt.StructurePlugin))), Clause(Atom(sbt.plugins.JvmPlugin),Set(Atom(org.jetbrains.sbt.IdeaShellPlugin))), Clause(And(Set(Atom(sbt.plugins.CorePlugin), Atom(sbt.plugins.JvmPlugin))),Set(Atom(org.jetbrains.sbt.indices.SbtIntellijIndicesPlugin)))))
[debug]   :: deduced result: Matched(sbt.plugins.CorePlugin,sbt.plugins.Giter8TemplatePlugin,sbt.plugins.IvyPlugin,sbt.plugins.JvmPlugin,sbt.plugins.SemanticdbPlugin,org.jetbrains.sbt.indices.SbtIntellijIndicesPlugin,sbt.plugins.JUnitXmlReportPlugin,org.jetbrains.sbt.IdeaShellPlugin,org.jetbrains.sbt.StructurePlugin,sbt.plugins.MiniDependencyTreePlugin)
[debug] Plugins.deducer#function took 1.4229 ms
[info] loading settings for project rmtweets from build.sbt ...
[debug]         Load.resolveProject(rmtweets) took 39.2792ms
[debug]       Load.loadTransitive: finalizeProject(Project(id rmtweets, base: C:\Users\Victor Paul\Desktop\RMtweets, plugins: List(<none>))) took 41.299401ms
[debug] [Loading] Done in C:\Users\Victor Paul\Desktop\RMtweets, returning: (rmtweets)
[debug]     Load.loadUnit: loadedProjectsRaw took 527.5957ms
[debug]     Load.loadUnit: cleanEvalClasses took 9.414199ms
[debug]   Load.loadUnit(file:/C:/Users/Victor%20Paul/Desktop/RMtweets/, ...) took 947.212799ms
[debug] Load.apply: load took 948.6643ms
[debug] Load.apply: resolveProjects took 0.0948ms
[debug] Load.apply: finalTransforms took 17.9954ms
[debug] Load.apply: config.delegates took 0.200199ms
[debug] Load.apply: Def.make(settings)... took 64.094599ms
[debug] Load.apply: structureIndex took 15.116701ms
[debug] Load.apply: mkStreams took 0.003299ms
[warn] Discarding 1 session setting.  Use 'session save' to persist session settings.
[info] set current project to RMtweets (in build file:/C:/Users/Victor%20Paul/Desktop/RMtweets/)
[debug] > Exec(sbtPopOnFailure, None, None)
[debug] > Exec(resumeFromFailure, None, None)
[debug] > Exec(set _root_.org.jetbrains.sbt.StructureKeys.sbtStructureOptions in Global := "download resolveClassifiers resolveSbtClassifiers", None, None)
[info] Defining Global / sbtStructureOptions
[info] The new value will be used by Global / ssOptions
[debug] Defining 
[debug] 	Global / sbtStructureOptions
[debug] 
[debug] The new value will be used by 
[debug] 	Global / ssOptions
[info] Reapplying settings...
[info] set current project to RMtweets (in build file:/C:/Users/Victor%20Paul/Desktop/RMtweets/)
[debug] > Exec(*/*:dumpStructureTo C:/Users/VICTOR~1/AppData/Local/Temp/sbt-structure1.xml, None, None)
[debug] Evaluating tasks: Global / dumpStructureTo
[debug] Running task... Cancel: Signal, check cycles: false, forcegc: true
[warn] There may be incompatibilities among your library dependencies; run 'evicted' to see detailed eviction warnings.
[warn] There may be incompatibilities among your library dependencies; run 'evicted' to see detailed eviction warnings.
[info] Writing structure to C:\Users\VICTOR~1\AppData\Local\Temp\sbt-structure1.xml...
[info] Done.
[success] Total time: 8 s, completed Nov 18, 2020 12:37:34 AM
[debug] > Exec(session clear-all, None, None)
[info] Reapplying settings...
[info] set current project to RMtweets (in build file:/C:/Users/Victor%20Paul/Desktop/RMtweets/)
[debug] > Exec(set ideaPort in Global := 58608, None, None)
[info] Defining Global / ideaPort
[info] The new value will be used by Compile / compile, Test / compile
[debug] Defining 
[debug] 	Global / ideaPort
[debug] 
[debug] The new value will be used by 
[debug] 	Compile / compile
[debug] 	Test / compile
[info] Reapplying settings...
[info] set current project to RMtweets (in build file:/C:/Users/Victor%20Paul/Desktop/RMtweets/)
[debug] > Exec(idea-shell, None, None)
[debug] > Exec(, None, None)
[debug] > Exec(idea-shell, None, None)
