[debug] > Exec(;reload; set _root_.org.jetbrains.sbt.StructureKeys.sbtStructureOptions in Global := "download resolveClassifiers resolveSbtClassifiers" ;*/*:dumpStructureTo C:/Users/VICTOR~1/AppData/Local/Temp/sbt-structure.xml; session clear-all ; set ideaPort in Global := 63749, None, None)
[debug] > Exec(reload, None, None)
[debug] > Exec(sbtStashOnFailure, None, None)
[debug] > Exec(onFailure loadFailed, None, None)
[debug] > Exec(loadp, None, None)
[info] welcome to sbt 1.4.3 (Oracle Corporation Java 1.8.0_151)
[debug]       Load.loadUnit: plugins took 60.2875ms
[debug]       Load.loadUnit: defsScala took 0.0096ms
[debug] [Loading] Scanning directory C:\Users\Victor Paul\.sbt\1.0\plugins
[debug] [Loading] Found non-root projects 
[debug] [Loading] Done in C:\Users\Victor Paul\.sbt\1.0\plugins, returning: ()
[debug] deducing auto plugins based on known facts Set(Atom(sbt.plugins.CorePlugin)) and clauses Clauses(List(Clause(Atom(sbt.plugins.JvmPlugin),Set(Atom(sbt.plugins.IvyPlugin))), Clause(Atom(sbt.ScriptedPlugin),Set(Atom(sbt.plugins.JvmPlugin))), Clause(Atom(sbt.plugins.SbtPlugin),Set(Atom(sbt.ScriptedPlugin))), Clause(Atom(sbt.plugins.SemanticdbPlugin),Set(Atom(sbt.plugins.JvmPlugin))), Clause(Atom(sbt.plugins.JUnitXmlReportPlugin),Set(Atom(sbt.plugins.JvmPlugin))), Clause(Atom(sbt.plugins.MiniDependencyTreePlugin),Set(Atom(sbt.plugins.JvmPlugin))), Clause(Atom(sbt.plugins.CorePlugin),Set(Atom(sbt.plugins.IvyPlugin))), Clause(Atom(sbt.plugins.IvyPlugin),Set(Atom(sbt.plugins.JvmPlugin))), Clause(Atom(sbt.plugins.JvmPlugin),Set(Atom(sbt.plugins.SemanticdbPlugin))), Clause(Atom(sbt.plugins.JvmPlugin),Set(Atom(sbt.plugins.JUnitXmlReportPlugin))), Clause(Atom(sbt.plugins.CorePlugin),Set(Atom(sbt.plugins.Giter8TemplatePlugin))), Clause(Atom(sbt.plugins.JvmPlugin),Set(Atom(sbt.plugins.MiniDependencyTreePlugin)))))
[debug]   :: deduced result: Matched(sbt.plugins.CorePlugin,sbt.plugins.Giter8TemplatePlugin,sbt.plugins.IvyPlugin,sbt.plugins.JvmPlugin,sbt.plugins.MiniDependencyTreePlugin,sbt.plugins.JUnitXmlReportPlugin,sbt.plugins.SemanticdbPlugin)
[debug] Plugins.deducer#function took 2.756 ms
[debug]           Load.resolveProject(global-plugins) took 1.4852ms
[debug]         Load.loadTransitive: finalizeProject(Project(id global-plugins, base: C:\Users\Victor Paul\.sbt\1.0\plugins, plugins: List(<none>))) took 4.7504ms
[debug] [Loading] Done in C:\Users\Victor Paul\.sbt\1.0\plugins, returning: (global-plugins)
[debug]       Load.loadUnit: loadedProjectsRaw took 7.1146ms
[debug]       Load.loadUnit: cleanEvalClasses took 0.0184ms
[debug]     Load.loadUnit(file:/C:/Users/Victor%20Paul/.sbt/1.0/plugins/, ...) took 70.3846ms
[debug]   Load.apply: load took 72.1105ms
[debug]   Load.apply: resolveProjects took 0.4246ms
[debug]   Load.apply: finalTransforms took 31.4993ms
[debug]   Load.apply: config.delegates took 0.3231ms
[debug]   Load.apply: Def.make(settings)... took 114.0565ms
[debug]   Load.apply: structureIndex took 17.6236ms
[debug]   Load.apply: mkStreams took 0.0039ms
[info] loading global plugins from C:\Users\Victor Paul\.sbt\1.0\plugins
[debug] Running task... Cancel: Signal, check cycles: false, forcegc: true
[debug] Forcing garbage collection...
[debug] Load.defaultLoad until apply took 1363.1356ms
[debug]           Load.loadUnit: plugins took 34.1875ms
[debug]           Load.loadUnit: defsScala took 0.0039ms
[debug] [Loading] Scanning directory C:\Users\Victor Paul\Desktop\RMtweets\project
[debug]             Load.loadUnit: mkEval took 0.5831ms
[debug] [Loading] Found non-root projects 
[debug] [Loading] Done in C:\Users\Victor Paul\Desktop\RMtweets\project, returning: ()
[debug] deducing auto plugins based on known facts Set(Atom(sbt.plugins.CorePlugin)) and clauses Clauses(List(Clause(Atom(sbt.plugins.JvmPlugin),Set(Atom(sbt.plugins.IvyPlugin))), Clause(Atom(sbt.ScriptedPlugin),Set(Atom(sbt.plugins.JvmPlugin))), Clause(Atom(sbt.plugins.SbtPlugin),Set(Atom(sbt.ScriptedPlugin))), Clause(Atom(sbt.plugins.SemanticdbPlugin),Set(Atom(sbt.plugins.JvmPlugin))), Clause(Atom(sbt.plugins.JUnitXmlReportPlugin),Set(Atom(sbt.plugins.JvmPlugin))), Clause(Atom(sbt.plugins.MiniDependencyTreePlugin),Set(Atom(sbt.plugins.JvmPlugin))), Clause(Atom(sbt.plugins.CorePlugin),Set(Atom(sbt.plugins.IvyPlugin))), Clause(Atom(sbt.plugins.IvyPlugin),Set(Atom(sbt.plugins.JvmPlugin))), Clause(Atom(sbt.plugins.JvmPlugin),Set(Atom(sbt.plugins.SemanticdbPlugin))), Clause(Atom(sbt.plugins.JvmPlugin),Set(Atom(sbt.plugins.JUnitXmlReportPlugin))), Clause(Atom(sbt.plugins.CorePlugin),Set(Atom(sbt.plugins.Giter8TemplatePlugin))), Clause(Atom(sbt.plugins.JvmPlugin),Set(Atom(sbt.plugins.MiniDependencyTreePlugin)))))
[debug]   :: deduced result: Matched(sbt.plugins.CorePlugin,sbt.plugins.Giter8TemplatePlugin,sbt.plugins.IvyPlugin,sbt.plugins.JvmPlugin,sbt.plugins.MiniDependencyTreePlugin,sbt.plugins.JUnitXmlReportPlugin,sbt.plugins.SemanticdbPlugin)
[debug] Plugins.deducer#function took 2.5694 ms
[info] loading settings for project rmtweets-build from idea1.sbt ...
[debug]               Load.resolveProject(rmtweets-build) took 2.2933ms
[debug]             Load.loadTransitive: finalizeProject(Project(id rmtweets-build, base: C:\Users\Victor Paul\Desktop\RMtweets\project, plugins: List(<none>))) took 5.5807ms
[debug] [Loading] Done in C:\Users\Victor Paul\Desktop\RMtweets\project, returning: (rmtweets-build)
[debug]           Load.loadUnit: loadedProjectsRaw took 38.7731ms
[debug]           Load.loadUnit: cleanEvalClasses took 1.9457ms
[debug]         Load.loadUnit(file:/C:/Users/Victor%20Paul/Desktop/RMtweets/project/, ...) took 75.9963ms
[debug]       Load.apply: load took 77.785ms
[debug]       Load.apply: resolveProjects took 0.1132ms
[debug]       Load.apply: finalTransforms took 7.1096ms
[debug]       Load.apply: config.delegates took 0.3613ms
[debug]       Load.apply: Def.make(settings)... took 64.6217ms
[debug]       Load.apply: structureIndex took 21.1871ms
[debug]       Load.apply: mkStreams took 0.0033ms
[info] loading project definition from C:\Users\Victor Paul\Desktop\RMtweets\project
[debug] Running task... Cancel: Signal, check cycles: false, forcegc: true
[debug]     Load.loadUnit: plugins took 549.8146ms
[debug]     Load.loadUnit: defsScala took 0.0036ms
[debug] [Loading] Scanning directory C:\Users\Victor Paul\Desktop\RMtweets
[debug]       Load.loadUnit: mkEval took 0.4401ms
[debug] [Loading] Found non-root projects 
[debug] [Loading] Done in C:\Users\Victor Paul\Desktop\RMtweets, returning: ()
[debug] deducing auto plugins based on known facts Set(Atom(sbt.plugins.CorePlugin)) and clauses Clauses(List(Clause(Atom(sbt.plugins.JvmPlugin),Set(Atom(sbt.plugins.IvyPlugin))), Clause(Atom(sbt.ScriptedPlugin),Set(Atom(sbt.plugins.JvmPlugin))), Clause(Atom(sbt.plugins.SbtPlugin),Set(Atom(sbt.ScriptedPlugin))), Clause(Atom(sbt.plugins.SemanticdbPlugin),Set(Atom(sbt.plugins.JvmPlugin))), Clause(Atom(sbt.plugins.JUnitXmlReportPlugin),Set(Atom(sbt.plugins.JvmPlugin))), Clause(Atom(sbt.plugins.MiniDependencyTreePlugin),Set(Atom(sbt.plugins.JvmPlugin))), Clause(Atom(org.jetbrains.sbt.StructurePlugin),Set(Atom(sbt.plugins.JvmPlugin))), Clause(Atom(org.jetbrains.sbt.IdeaShellPlugin),Set(Atom(sbt.plugins.JvmPlugin))), Clause(Atom(org.jetbrains.sbt.indices.SbtIntellijIndicesPlugin),Set(Atom(sbt.plugins.JvmPlugin))), Clause(Atom(sbt.plugins.CorePlugin),Set(Atom(sbt.plugins.IvyPlugin))), Clause(Atom(sbt.plugins.IvyPlugin),Set(Atom(sbt.plugins.JvmPlugin))), Clause(Atom(sbt.plugins.JvmPlugin),Set(Atom(sbt.plugins.SemanticdbPlugin))), Clause(Atom(sbt.plugins.JvmPlugin),Set(Atom(sbt.plugins.JUnitXmlReportPlugin))), Clause(Atom(sbt.plugins.CorePlugin),Set(Atom(sbt.plugins.Giter8TemplatePlugin))), Clause(Atom(sbt.plugins.JvmPlugin),Set(Atom(sbt.plugins.MiniDependencyTreePlugin))), Clause(Atom(sbt.plugins.JvmPlugin),Set(Atom(org.jetbrains.sbt.StructurePlugin))), Clause(Atom(sbt.plugins.JvmPlugin),Set(Atom(org.jetbrains.sbt.IdeaShellPlugin))), Clause(And(Set(Atom(sbt.plugins.CorePlugin), Atom(sbt.plugins.JvmPlugin))),Set(Atom(org.jetbrains.sbt.indices.SbtIntellijIndicesPlugin)))))
[debug]   :: deduced result: Matched(sbt.plugins.CorePlugin,sbt.plugins.Giter8TemplatePlugin,sbt.plugins.IvyPlugin,sbt.plugins.JvmPlugin,sbt.plugins.SemanticdbPlugin,org.jetbrains.sbt.indices.SbtIntellijIndicesPlugin,sbt.plugins.JUnitXmlReportPlugin,org.jetbrains.sbt.IdeaShellPlugin,org.jetbrains.sbt.StructurePlugin,sbt.plugins.MiniDependencyTreePlugin)
[debug] Plugins.deducer#function took 1.4399 ms
[info] loading settings for project rmtweets from build.sbt ...
[debug]         Load.resolveProject(rmtweets) took 48.5405ms
[debug]       Load.loadTransitive: finalizeProject(Project(id rmtweets, base: C:\Users\Victor Paul\Desktop\RMtweets, plugins: List(<none>))) took 50.5927ms
[debug] [Loading] Done in C:\Users\Victor Paul\Desktop\RMtweets, returning: (rmtweets)
[debug]     Load.loadUnit: loadedProjectsRaw took 170.9686ms
[debug]     Load.loadUnit: cleanEvalClasses took 7.4012ms
[debug]   Load.loadUnit(file:/C:/Users/Victor%20Paul/Desktop/RMtweets/, ...) took 728.8412ms
[debug] Load.apply: load took 731.3788ms
[debug] Load.apply: resolveProjects took 0.1552ms
[debug] Load.apply: finalTransforms took 27.2429ms
[debug] Load.apply: config.delegates took 0.4769ms
[debug] Load.apply: Def.make(settings)... took 171.1328ms
[debug] Load.apply: structureIndex took 41.4528ms
[debug] Load.apply: mkStreams took 0.0032ms
[warn] Discarding 1 session setting.  Use 'session save' to persist session settings.
[info] set current project to RMtweets (in build file:/C:/Users/Victor%20Paul/Desktop/RMtweets/)
[debug] > Exec(sbtPopOnFailure, None, None)
[debug] > Exec(resumeFromFailure, None, None)
[debug] > Exec(set _root_.org.jetbrains.sbt.StructureKeys.sbtStructureOptions in Global := "download resolveClassifiers resolveSbtClassifiers", None, None)
[info] Defining Global / sbtStructureOptions
[info] The new value will be used by Global / ssOptions
[debug] Defining 
[debug] 	Global / sbtStructureOptions
[debug] 
[debug] The new value will be used by 
[debug] 	Global / ssOptions
[info] Reapplying settings...
[info] set current project to RMtweets (in build file:/C:/Users/Victor%20Paul/Desktop/RMtweets/)
[debug] > Exec(*/*:dumpStructureTo C:/Users/VICTOR~1/AppData/Local/Temp/sbt-structure.xml, None, None)
[debug] Evaluating tasks: Global / dumpStructureTo
[debug] Running task... Cancel: Signal, check cycles: false, forcegc: true
[info] Writing structure to C:\Users\VICTOR~1\AppData\Local\Temp\sbt-structure.xml...
[info] Done.
[success] Total time: 6 s, completed Nov 22, 2020 8:36:16 PM
[debug] > Exec(session clear-all, None, None)
[info] Reapplying settings...
[info] set current project to RMtweets (in build file:/C:/Users/Victor%20Paul/Desktop/RMtweets/)
[debug] > Exec(set ideaPort in Global := 63749, None, None)
[info] Defining Global / ideaPort
[info] The new value will be used by Compile / compile, Test / compile
[debug] Defining 
[debug] 	Global / ideaPort
[debug] 
[debug] The new value will be used by 
[debug] 	Compile / compile
[debug] 	Test / compile
[info] Reapplying settings...
[info] set current project to RMtweets (in build file:/C:/Users/Victor%20Paul/Desktop/RMtweets/)
[debug] > Exec(idea-shell, None, None)
[debug] > Exec(, None, None)
[debug] > Exec(idea-shell, None, None)
